<?xml version="1.0" encoding="UTF-8"?>
<Site BuildName="(empty)"
	BuildStamp="20231011-1320-Experimental"
	Name="ons-IdeaPad-Flex-5-14IIL05"
	Generator="ctest-3.22.1"
	CompilerName="/usr/bin/g++"
	CompilerVersion="11.4.0"
	OSName="Linux"
	Hostname="ons-IdeaPad-Flex-5-14IIL05"
	OSRelease="6.2.0-33-generic"
	OSVersion="#33~22.04.1-Ubuntu SMP PREEMPT_DYNAMIC Thu Sep  7 10:33:52 UTC 2"
	OSPlatform="x86_64"
	Is64Bits="1"
	VendorString="GenuineIntel"
	VendorID="Intel Corporation"
	FamilyID="6"
	ModelID="126"
	ProcessorCacheSize="4096"
	NumberOfLogicalCPU="4"
	NumberOfPhysicalCPU="2"
	TotalVirtualMemory="4251"
	TotalPhysicalMemory="3570"
	LogicalProcessorsPerPhysical="2"
	ProcessorClockFrequency="3091.83"
	>
	<Testing>
		<StartDateTime>Oct 11 14:20 CET</StartDateTime>
		<StartTestTime>1697030452</StartTestTime>
		<TestList/>
		<EndDateTime>Oct 11 14:20 CET</EndDateTime>
		<EndTestTime>1697030452</EndTestTime>
		<ElapsedMinutes>0</ElapsedMinutes>
	</Testing>
</Site>
