[0.268s] Invoking command in '/home/ons/ros2_ws/build/ydlidar': CMAKE_PREFIX_PATH=/opt/ros/humble /usr/bin/cmake --build /home/ons/ros2_ws/build/ydlidar -- -j4 -l4
[0.379s] [  9%] [32mBuilding CXX object CMakeFiles/ydlidar_node.dir/src/ydlidar_node.cpp.o[0m
[0.381s] [ 18%] [32mBuilding CXX object CMakeFiles/ydlidar_node.dir/sdk/src/CYdLidar.cpp.o[0m
[0.389s] [01m[Kc++:[m[K [01;31m[Kerror: [m[Kunrecognized command-line option â€˜[01m[K-STD=C++17[m[Kâ€™; did you mean â€˜[01m[K-std=c++17[m[Kâ€™?
[0.401s] gmake[2]: *** [CMakeFiles/ydlidar_node.dir/build.make:76: CMakeFiles/ydlidar_node.dir/src/ydlidar_node.cpp.o] Error 1
[0.401s] gmake[2]: *** Waiting for unfinished jobs....
[0.401s] [01m[Kc++:[m[K [01;31m[Kerror: [m[Kunrecognized command-line option â€˜[01m[K-STD=C++17[m[Kâ€™; did you mean â€˜[01m[K-std=c++17[m[Kâ€™?
[0.401s] [ 27%] [32mBuilding CXX object CMakeFiles/ydlidar_node.dir/sdk/src/impl/unix/list_ports_linux.cpp.o[0m
[0.401s] gmake[2]: *** [CMakeFiles/ydlidar_node.dir/build.make:90: CMakeFiles/ydlidar_node.dir/sdk/src/CYdLidar.cpp.o] Error 1
[0.404s] [ 36%] [32mBuilding CXX object CMakeFiles/ydlidar_client.dir/src/ydlidar_client.cpp.o[0m
[0.417s] [01m[Kc++:[m[K [01;31m[Kerror: [m[Kunrecognized command-line option â€˜[01m[K-STD=C++17[m[Kâ€™; did you mean â€˜[01m[K-std=c++17[m[Kâ€™?
[0.418s] gmake[2]: *** [CMakeFiles/ydlidar_client.dir/build.make:76: CMakeFiles/ydlidar_client.dir/src/ydlidar_client.cpp.o] Error 1
[0.419s] gmake[1]: *** [CMakeFiles/Makefile2:165: CMakeFiles/ydlidar_client.dir/all] Error 2
[0.419s] gmake[1]: *** Waiting for unfinished jobs....
[0.426s] [01m[Kc++:[m[K [01;31m[Kerror: [m[Kunrecognized command-line option â€˜[01m[K-STD=C++17[m[Kâ€™; did you mean â€˜[01m[K-std=c++17[m[Kâ€™?
[0.427s] gmake[2]: *** [CMakeFiles/ydlidar_node.dir/build.make:104: CMakeFiles/ydlidar_node.dir/sdk/src/impl/unix/list_ports_linux.cpp.o] Error 1
[0.427s] gmake[1]: *** [CMakeFiles/Makefile2:139: CMakeFiles/ydlidar_node.dir/all] Error 2
[0.428s] gmake: *** [Makefile:146: all] Error 2
[0.433s] Invoked command in '/home/ons/ros2_ws/build/ydlidar' returned '2': CMAKE_PREFIX_PATH=/opt/ros/humble /usr/bin/cmake --build /home/ons/ros2_ws/build/ydlidar -- -j4 -l4
