[0.325s] Invoking command in '/home/ons/ros2_ws/build/serial_motor_demo_msgs': CMAKE_PREFIX_PATH=${CMAKE_PREFIX_PATH}:/home/ons/ros2_ws/install/test_node:/home/ons/ros2_ws/install/serial_motor_demo:/opt/ros/humble /usr/bin/cmake --build /home/ons/ros2_ws/build/serial_motor_demo_msgs -- -j4 -l4
[0.849s] -- Found ament_cmake: 1.3.5 (/opt/ros/humble/share/ament_cmake/cmake)
[0.850s] -- Found ament_lint_auto: 0.12.8 (/opt/ros/humble/share/ament_lint_auto/cmake)
[0.850s] -- Found rosidl_default_generators: 1.2.0 (/opt/ros/humble/share/rosidl_default_generators/cmake)
[0.851s] -- Using all available rosidl_typesupport_c: rosidl_typesupport_fastrtps_c;rosidl_typesupport_introspection_c
[0.852s] -- Found rosidl_adapter: 3.1.5 (/opt/ros/humble/share/rosidl_adapter/cmake)
[0.852s] -- Using all available rosidl_typesupport_cpp: rosidl_typesupport_fastrtps_cpp;rosidl_typesupport_introspection_cpp
[1.296s] [31mCMake Error at /opt/ros/humble/share/rosidl_adapter/cmake/rosidl_adapt_interfaces.cmake:59 (message):
[1.298s]   execute_process(/usr/bin/python3.10 -m rosidl_adapter --package-name
[1.299s]   serial_motor_demo_msgs --arguments-file
[1.300s]   /home/ons/ros2_ws/build/serial_motor_demo_msgs/rosidl_adapter__arguments__serial_motor_demo_msgs.json
[1.302s]   --output-dir
[1.302s]   /home/ons/ros2_ws/build/serial_motor_demo_msgs/rosidl_adapter/serial_motor_demo_msgs
[1.302s]   --output-file
[1.302s]   /home/ons/ros2_ws/build/serial_motor_demo_msgs/rosidl_adapter/serial_motor_demo_msgs.idls)
[1.303s]   returned error code 1:
[1.303s] 
[1.303s]   Error processing 'int mot_1' of 'serial_motor_demo_msgs/MotorCommand':
[1.306s]   ''int' is an invalid message name.  It should have the pattern
[1.306s]   '^[A-Z][A-Za-z0-9]*$''
[1.307s] 
[1.307s]   Traceback (most recent call last):
[1.307s] 
[1.307s]     File "/usr/lib/python3.10/runpy.py", line 196, in _run_module_as_main
[1.307s]       return _run_code(code, main_globals, None,
[1.307s]     File "/usr/lib/python3.10/runpy.py", line 86, in _run_code
[1.307s]       exec(code, run_globals)
[1.308s]     File "/opt/ros/humble/local/lib/python3.10/dist-packages/rosidl_adapter/__main__.py", line 19, in <module>
[1.308s]       sys.exit(main())
[1.308s]     File "/opt/ros/humble/local/lib/python3.10/dist-packages/rosidl_adapter/main.py", line 53, in main
[1.308s]       abs_idl_file = convert_to_idl(
[1.308s]     File "/opt/ros/humble/local/lib/python3.10/dist-packages/rosidl_adapter/__init__.py", line 19, in convert_to_idl
[1.308s]       return convert_msg_to_idl(
[1.308s]     File "/opt/ros/humble/local/lib/python3.10/dist-packages/rosidl_adapter/msg/__init__.py", line 28, in convert_msg_to_idl
[1.308s]       msg = parse_message_string(package_name, input_file.stem, content)
[1.309s]     File "/opt/ros/humble/local/lib/python3.10/dist-packages/rosidl_adapter/parser.py", line 520, in parse_message_string
[1.309s]       Type(type_string, context_package_name=pkg_name),
[1.309s]     File "/opt/ros/humble/local/lib/python3.10/dist-packages/rosidl_adapter/parser.py", line 277, in __init__
[1.309s]       super(Type, self).__init__(
[1.309s]     File "/opt/ros/humble/local/lib/python3.10/dist-packages/rosidl_adapter/parser.py", line 205, in __init__
[1.309s]       raise InvalidResourceName(
[1.309s] 
[1.309s]   rosidl_adapter.parser.InvalidResourceName: 'int' is an invalid message
[1.310s]   name.  It should have the pattern '^[A-Z][A-Za-z0-9]*$'
[1.310s] 
[1.310s] Call Stack (most recent call first):
[1.310s]   /opt/ros/humble/share/rosidl_cmake/cmake/rosidl_generate_interfaces.cmake:130 (rosidl_adapt_interfaces)
[1.310s]   CMakeLists.txt:42 (rosidl_generate_interfaces)
[1.310s] 
[1.310s] [0m
[1.311s] -- Configuring incomplete, errors occurred!
[1.311s] See also "/home/ons/ros2_ws/build/serial_motor_demo_msgs/CMakeFiles/CMakeOutput.log".
[1.311s] gmake: *** [Makefile:1179: cmake_check_build_system] Error 1
[1.392s] Invoked command in '/home/ons/ros2_ws/build/serial_motor_demo_msgs' returned '2': CMAKE_PREFIX_PATH=${CMAKE_PREFIX_PATH}:/home/ons/ros2_ws/install/test_node:/home/ons/ros2_ws/install/serial_motor_demo:/opt/ros/humble /usr/bin/cmake --build /home/ons/ros2_ws/build/serial_motor_demo_msgs -- -j4 -l4
