<?xml version="1.0" encoding="UTF-8"?>
<Site BuildName="(empty)"
	BuildStamp="20231121-1627-Experimental"
	Name="ons-IdeaPad-Flex-5-14IIL05"
	Generator="ctest-3.22.1"
	CompilerName="/usr/bin/g++"
	CompilerVersion="11.4.0"
	OSName="Linux"
	Hostname="ons-IdeaPad-Flex-5-14IIL05"
	OSRelease="6.2.0-36-generic"
	OSVersion="#37~22.04.1-Ubuntu SMP PREEMPT_DYNAMIC Mon Oct  9 15:34:04 UTC 2"
	OSPlatform="x86_64"
	Is64Bits="1"
	VendorString="GenuineIntel"
	VendorID="Intel Corporation"
	FamilyID="6"
	ModelID="126"
	ProcessorCacheSize="4096"
	NumberOfLogicalCPU="4"
	NumberOfPhysicalCPU="2"
	TotalVirtualMemory="4251"
	TotalPhysicalMemory="3570"
	LogicalProcessorsPerPhysical="2"
	ProcessorClockFrequency="2716.91"
	>
	<Testing>
		<StartDateTime>Nov 21 17:27 CET</StartDateTime>
		<StartTestTime>1700584054</StartTestTime>
		<TestList/>
		<EndDateTime>Nov 21 17:27 CET</EndDateTime>
		<EndTestTime>1700584054</EndTestTime>
		<ElapsedMinutes>0</ElapsedMinutes>
	</Testing>
</Site>
