[0.318s] Invoking command in '/home/ons/ros2_ws/build/ydlidar': CMAKE_PREFIX_PATH=/opt/ros/humble /usr/bin/cmake /home/ons/ros2_ws/src/ydlidar_ros2 -DCMAKE_CXX_FLAGS=-std=C++17 -DCMAKE_INSTALL_PREFIX=/home/ons/ros2_ws/install/ydlidar
[0.422s] -- Found ament_cmake: 1.3.5 (/opt/ros/humble/share/ament_cmake/cmake)
[0.682s] -- Found rclcpp: 16.0.5 (/opt/ros/humble/share/rclcpp/cmake)
[0.733s] -- Found rosidl_generator_c: 3.1.5 (/opt/ros/humble/share/rosidl_generator_c/cmake)
[0.735s] -- Found rosidl_adapter: 3.1.5 (/opt/ros/humble/share/rosidl_adapter/cmake)
[0.741s] -- Found rosidl_generator_cpp: 3.1.5 (/opt/ros/humble/share/rosidl_generator_cpp/cmake)
[0.792s] -- Using all available rosidl_typesupport_c: rosidl_typesupport_fastrtps_c;rosidl_typesupport_introspection_c
[0.810s] -- Using all available rosidl_typesupport_cpp: rosidl_typesupport_fastrtps_cpp;rosidl_typesupport_introspection_cpp
[0.868s] -- Found rmw_implementation_cmake: 6.1.1 (/opt/ros/humble/share/rmw_implementation_cmake/cmake)
[0.870s] -- Found rmw_fastrtps_cpp: 6.2.3 (/opt/ros/humble/share/rmw_fastrtps_cpp/cmake)
[0.989s] -- Using RMW implementation 'rmw_fastrtps_cpp' as default
[1.218s] -- Found sensor_msgs: 4.2.3 (/opt/ros/humble/share/sensor_msgs/cmake)
[1.331s] -- Found visualization_msgs: 4.2.3 (/opt/ros/humble/share/visualization_msgs/cmake)
[1.450s] -- Found ament_lint_auto: 0.12.7 (/opt/ros/humble/share/ament_lint_auto/cmake)
[1.516s] -- Added test 'copyright' to check source files copyright and LICENSE
[1.530s] -- Added test 'cppcheck' to perform static code analysis on C / C++ code
[1.531s] -- Configured cppcheck include dirs: /home/ons/ros2_ws/src/ydlidar_ros2/src;/home/ons/ros2_ws/src/ydlidar_ros2/sdk/include;/home/ons/ros2_ws/src/ydlidar_ros2/sdk/src
[1.531s] -- Configured cppcheck exclude dirs and/or files: 
[1.545s] -- Added test 'cpplint' to check C / C++ code against the Google style
[1.545s] -- Configured cpplint exclude dirs and/or files: 
[1.547s] -- Added test 'flake8' to check Python code syntax and style conventions
[1.551s] -- Added test 'lint_cmake' to check CMake code style
[1.553s] -- Added test 'pep257' to check Python code against some of the docstring style conventions in PEP 257
[1.568s] -- Added test 'uncrustify' to check C / C++ code style
[1.568s] -- Configured uncrustify additional arguments: 
[1.570s] -- Added test 'xmllint' to check XML markup files
[1.571s] -- Configuring done
[1.589s] -- Generating done
[1.592s] -- Build files have been written to: /home/ons/ros2_ws/build/ydlidar
[1.602s] Invoked command in '/home/ons/ros2_ws/build/ydlidar' returned '0': CMAKE_PREFIX_PATH=/opt/ros/humble /usr/bin/cmake /home/ons/ros2_ws/src/ydlidar_ros2 -DCMAKE_CXX_FLAGS=-std=C++17 -DCMAKE_INSTALL_PREFIX=/home/ons/ros2_ws/install/ydlidar
[1.603s] Invoking command in '/home/ons/ros2_ws/build/ydlidar': CMAKE_PREFIX_PATH=/opt/ros/humble /usr/bin/cmake --build /home/ons/ros2_ws/build/ydlidar -- -j4 -l4
[1.639s] [35m[1mConsolidate compiler generated dependencies of target ydlidar_client[0m
[1.643s] [35m[1mConsolidate compiler generated dependencies of target ydlidar_node[0m
[1.654s] [  9%] [32mBuilding CXX object CMakeFiles/ydlidar_client.dir/src/ydlidar_client.cpp.o[0m
[1.660s] [01m[Kc++:[m[K [01;31m[Kerror: [m[Kunrecognized command-line option â€˜[01m[K-std=C++17[m[Kâ€™; did you mean â€˜[01m[K-std=c++17[m[Kâ€™?
[1.660s] gmake[2]: *** [CMakeFiles/ydlidar_client.dir/build.make:76: CMakeFiles/ydlidar_client.dir/src/ydlidar_client.cpp.o] Error 1
[1.661s] gmake[1]: *** [CMakeFiles/Makefile2:165: CMakeFiles/ydlidar_client.dir/all] Error 2
[1.661s] gmake[1]: *** Waiting for unfinished jobs....
[1.672s] [ 27%] [32mBuilding CXX object CMakeFiles/ydlidar_node.dir/sdk/src/impl/unix/list_ports_linux.cpp.o[0m
[1.672s] [ 36%] [32mBuilding CXX object CMakeFiles/ydlidar_node.dir/sdk/src/impl/unix/unix_serial.cpp.o[0m
[1.672s] [ 36%] [32mBuilding CXX object CMakeFiles/ydlidar_node.dir/src/ydlidar_node.cpp.o[0m
[1.674s] [ 45%] [32mBuilding CXX object CMakeFiles/ydlidar_node.dir/sdk/src/CYdLidar.cpp.o[0m
[1.679s] [01m[Kc++:[m[K [01;31m[Kerror: [m[Kunrecognized command-line option â€˜[01m[K-std=C++17[m[Kâ€™; did you mean â€˜[01m[K-std=c++17[m[Kâ€™?
[1.680s] [01m[Kc++:[m[K [01;31m[Kerror: [m[Kunrecognized command-line option â€˜[01m[K-std=C++17[m[Kâ€™; did you mean â€˜[01m[K-std=c++17[m[Kâ€™?
[1.680s] gmake[2]: *** [CMakeFiles/ydlidar_node.dir/build.make:104: CMakeFiles/ydlidar_node.dir/sdk/src/impl/unix/list_ports_linux.cpp.o] Error 1
[1.680s] gmake[2]: *** Waiting for unfinished jobs....
[1.681s] [01m[Kc++:[m[K [01;31m[Kerror: [m[Kunrecognized command-line option â€˜[01m[K-std=C++17[m[Kâ€™; did you mean â€˜[01m[K-std=c++17[m[Kâ€™?
[1.681s] gmake[2]: *** [CMakeFiles/ydlidar_node.dir/build.make:118: CMakeFiles/ydlidar_node.dir/sdk/src/impl/unix/unix_serial.cpp.o] Error 1
[1.681s] gmake[2]: *** [CMakeFiles/ydlidar_node.dir/build.make:90: CMakeFiles/ydlidar_node.dir/sdk/src/CYdLidar.cpp.o] Error 1
[1.681s] [01m[Kc++:[m[K [01;31m[Kerror: [m[Kunrecognized command-line option â€˜[01m[K-std=C++17[m[Kâ€™; did you mean â€˜[01m[K-std=c++17[m[Kâ€™?
[1.682s] gmake[2]: *** [CMakeFiles/ydlidar_node.dir/build.make:76: CMakeFiles/ydlidar_node.dir/src/ydlidar_node.cpp.o] Error 1
[1.682s] gmake[1]: *** [CMakeFiles/Makefile2:139: CMakeFiles/ydlidar_node.dir/all] Error 2
[1.682s] gmake: *** [Makefile:146: all] Error 2
[1.684s] Invoked command in '/home/ons/ros2_ws/build/ydlidar' returned '2': CMAKE_PREFIX_PATH=/opt/ros/humble /usr/bin/cmake --build /home/ons/ros2_ws/build/ydlidar -- -j4 -l4
