[0.312s] Invoking command in '/home/ons/ros2_ws/build/serial_motor_demo_msgs': CMAKE_PREFIX_PATH=${CMAKE_PREFIX_PATH}:/home/ons/ros2_ws/install/test_node:/home/ons/ros2_ws/install/serial_motor_demo:/opt/ros/humble /usr/bin/cmake /home/ons/ros2_ws/src/serial_motor_demo/serial_motor_demo_msgs -DAMENT_CMAKE_SYMLINK_INSTALL=1 -DCMAKE_INSTALL_PREFIX=/home/ons/ros2_ws/install/serial_motor_demo_msgs
[0.388s] -- Found ament_cmake: 1.3.5 (/opt/ros/humble/share/ament_cmake/cmake)
[0.673s] -- Override CMake install command with custom implementation using symlinks instead of copying resources
[0.693s] -- Found ament_lint_auto: 0.12.8 (/opt/ros/humble/share/ament_lint_auto/cmake)
[0.849s] -- Found rosidl_default_generators: 1.2.0 (/opt/ros/humble/share/rosidl_default_generators/cmake)
[0.857s] -- Using all available rosidl_typesupport_c: rosidl_typesupport_fastrtps_c;rosidl_typesupport_introspection_c
[0.885s] -- Found rosidl_adapter: 3.1.5 (/opt/ros/humble/share/rosidl_adapter/cmake)
[0.934s] -- Using all available rosidl_typesupport_cpp: rosidl_typesupport_fastrtps_cpp;rosidl_typesupport_introspection_cpp
[1.323s] -- Found ament_cmake_ros: 0.10.0 (/opt/ros/humble/share/ament_cmake_ros/cmake)
[1.605s] -- Using all available rosidl_typesupport_c: rosidl_typesupport_fastrtps_c;rosidl_typesupport_introspection_c
[2.150s] -- Using all available rosidl_typesupport_cpp: rosidl_typesupport_fastrtps_cpp;rosidl_typesupport_introspection_cpp
[2.187s] -- Found python_cmake_module: 0.10.0 (/opt/ros/humble/share/python_cmake_module/cmake)
[2.235s] -- Using PYTHON_EXECUTABLE: /usr/bin/python3
[2.235s] -- Using PYTHON_INCLUDE_DIRS: /usr/include/python3.10
[2.235s] -- Using PYTHON_LIBRARIES: /usr/lib/x86_64-linux-gnu/libpython3.10.so
[2.289s] -- Added test 'copyright' to check source files copyright and LICENSE
[2.291s] -- Added test 'lint_cmake' to check CMake code style
[2.292s] -- Added test 'xmllint' to check XML markup files
[2.317s] -- Configuring done
[2.459s] -- Generating done
[2.464s] -- Build files have been written to: /home/ons/ros2_ws/build/serial_motor_demo_msgs
[2.483s] Invoked command in '/home/ons/ros2_ws/build/serial_motor_demo_msgs' returned '0': CMAKE_PREFIX_PATH=${CMAKE_PREFIX_PATH}:/home/ons/ros2_ws/install/test_node:/home/ons/ros2_ws/install/serial_motor_demo:/opt/ros/humble /usr/bin/cmake /home/ons/ros2_ws/src/serial_motor_demo/serial_motor_demo_msgs -DAMENT_CMAKE_SYMLINK_INSTALL=1 -DCMAKE_INSTALL_PREFIX=/home/ons/ros2_ws/install/serial_motor_demo_msgs
[2.484s] Invoking command in '/home/ons/ros2_ws/build/serial_motor_demo_msgs': CMAKE_PREFIX_PATH=${CMAKE_PREFIX_PATH}:/home/ons/ros2_ws/install/test_node:/home/ons/ros2_ws/install/serial_motor_demo:/opt/ros/humble /usr/bin/cmake --build /home/ons/ros2_ws/build/serial_motor_demo_msgs -- -j4 -l4
[2.564s] [35m[1mConsolidate compiler generated dependencies of target serial_motor_demo_msgs__rosidl_generator_c[0m
[2.609s] [  2%] Built target serial_motor_demo_msgs__cpp
[2.648s] failed to create symbolic link '/home/ons/ros2_ws/build/serial_motor_demo_msgs/ament_cmake_python/serial_motor_demo_msgs/serial_motor_demo_msgs' because existing path cannot be removed: Is a directory
[2.650s] gmake[2]: *** [CMakeFiles/ament_cmake_python_symlink_serial_motor_demo_msgs.dir/build.make:70: CMakeFiles/ament_cmake_python_symlink_serial_motor_demo_msgs] Error 1
[2.650s] gmake[1]: *** [CMakeFiles/Makefile2:421: CMakeFiles/ament_cmake_python_symlink_serial_motor_demo_msgs.dir/all] Error 2
[2.650s] gmake[1]: *** Waiting for unfinished jobs....
[2.671s] [ 12%] Built target serial_motor_demo_msgs__rosidl_generator_c
[2.679s] [35m[1mConsolidate compiler generated dependencies of target serial_motor_demo_msgs__rosidl_typesupport_cpp[0m
[2.692s] [35m[1mConsolidate compiler generated dependencies of target serial_motor_demo_msgs__rosidl_typesupport_fastrtps_cpp[0m
[2.747s] [ 23%] Built target serial_motor_demo_msgs__rosidl_typesupport_fastrtps_cpp
[2.758s] [ 34%] Built target serial_motor_demo_msgs__rosidl_typesupport_cpp
[2.760s] gmake: *** [Makefile:146: all] Error 2
[2.873s] Invoked command in '/home/ons/ros2_ws/build/serial_motor_demo_msgs' returned '2': CMAKE_PREFIX_PATH=${CMAKE_PREFIX_PATH}:/home/ons/ros2_ws/install/test_node:/home/ons/ros2_ws/install/serial_motor_demo:/opt/ros/humble /usr/bin/cmake --build /home/ons/ros2_ws/build/serial_motor_demo_msgs -- -j4 -l4
