-- Found ament_cmake: 1.3.5 (/opt/ros/humble/share/ament_cmake/cmake)
-- Found rclcpp: 16.0.5 (/opt/ros/humble/share/rclcpp/cmake)
-- Found rosidl_generator_c: 3.1.5 (/opt/ros/humble/share/rosidl_generator_c/cmake)
-- Found rosidl_adapter: 3.1.5 (/opt/ros/humble/share/rosidl_adapter/cmake)
-- Found rosidl_generator_cpp: 3.1.5 (/opt/ros/humble/share/rosidl_generator_cpp/cmake)
-- Using all available rosidl_typesupport_c: rosidl_typesupport_fastrtps_c;rosidl_typesupport_introspection_c
-- Using all available rosidl_typesupport_cpp: rosidl_typesupport_fastrtps_cpp;rosidl_typesupport_introspection_cpp
-- Found rmw_implementation_cmake: 6.1.1 (/opt/ros/humble/share/rmw_implementation_cmake/cmake)
-- Found rmw_fastrtps_cpp: 6.2.3 (/opt/ros/humble/share/rmw_fastrtps_cpp/cmake)
-- Using RMW implementation 'rmw_fastrtps_cpp' as default
-- Found sensor_msgs: 4.2.3 (/opt/ros/humble/share/sensor_msgs/cmake)
-- Found visualization_msgs: 4.2.3 (/opt/ros/humble/share/visualization_msgs/cmake)
-- Found ament_lint_auto: 0.12.7 (/opt/ros/humble/share/ament_lint_auto/cmake)
-- Added test 'copyright' to check source files copyright and LICENSE
-- Added test 'cppcheck' to perform static code analysis on C / C++ code
-- Configured cppcheck include dirs: /home/ons/ros2_ws/src/ydlidar_ros2/src;/home/ons/ros2_ws/src/ydlidar_ros2/sdk/include;/home/ons/ros2_ws/src/ydlidar_ros2/sdk/src
-- Configured cppcheck exclude dirs and/or files: 
-- Added test 'cpplint' to check C / C++ code against the Google style
-- Configured cpplint exclude dirs and/or files: 
-- Added test 'flake8' to check Python code syntax and style conventions
-- Added test 'lint_cmake' to check CMake code style
-- Added test 'pep257' to check Python code against some of the docstring style conventions in PEP 257
-- Added test 'uncrustify' to check C / C++ code style
-- Configured uncrustify additional arguments: 
-- Added test 'xmllint' to check XML markup files
-- Configuring done
-- Generating done
-- Build files have been written to: /home/ons/ros2_ws/build/ydlidar
[35m[1mConsolidate compiler generated dependencies of target ydlidar_client[0m
[35m[1mConsolidate compiler generated dependencies of target ydlidar_node[0m
[  9%] [32mBuilding CXX object CMakeFiles/ydlidar_client.dir/src/ydlidar_client.cpp.o[0m
[01m[Kc++:[m[K [01;31m[Kerror: [m[Kunrecognized command-line option â€˜[01m[K-STD=C++17[m[Kâ€™; did you mean â€˜[01m[K-std=c++17[m[Kâ€™?
gmake[2]: *** [CMakeFiles/ydlidar_client.dir/build.make:76: CMakeFiles/ydlidar_client.dir/src/ydlidar_client.cpp.o] Error 1
gmake[1]: *** [CMakeFiles/Makefile2:165: CMakeFiles/ydlidar_client.dir/all] Error 2
gmake[1]: *** Waiting for unfinished jobs....
[ 18%] [32mBuilding CXX object CMakeFiles/ydlidar_node.dir/sdk/src/CYdLidar.cpp.o[0m
[ 27%] [32mBuilding CXX object CMakeFiles/ydlidar_node.dir/src/ydlidar_node.cpp.o[0m
[ 36%] [32mBuilding CXX object CMakeFiles/ydlidar_node.dir/sdk/src/impl/unix/list_ports_linux.cpp.o[0m
[01m[Kc++:[m[K [01;31m[Kerror: [m[Kunrecognized command-line option â€˜[01m[K-STD=C++17[m[Kâ€™; did you mean â€˜[01m[K-std=c++17[m[Kâ€™?
[01m[Kc++:[m[K [01;31m[Kerror: [m[Kunrecognized command-line option â€˜[01m[K-STD=C++17[m[Kâ€™; did you mean â€˜[01m[K-std=c++17[m[Kâ€™?
gmake[2]: *** [CMakeFiles/ydlidar_node.dir/build.make:76: CMakeFiles/ydlidar_node.dir/src/ydlidar_node.cpp.o] Error 1
gmake[2]: *** Waiting for unfinished jobs....
gmake[2]: *** [CMakeFiles/ydlidar_node.dir/build.make:90: CMakeFiles/ydlidar_node.dir/sdk/src/CYdLidar.cpp.o] Error 1
[ 45%] [32mBuilding CXX object CMakeFiles/ydlidar_node.dir/sdk/src/impl/unix/unix_serial.cpp.o[0m
[01m[Kc++:[m[K [01;31m[Kerror: [m[Kunrecognized command-line option â€˜[01m[K-STD=C++17[m[Kâ€™; did you mean â€˜[01m[K-std=c++17[m[Kâ€™?
gmake[2]: *** [CMakeFiles/ydlidar_node.dir/build.make:104: CMakeFiles/ydlidar_node.dir/sdk/src/impl/unix/list_ports_linux.cpp.o] Error 1
[01m[Kc++:[m[K [01;31m[Kerror: [m[Kunrecognized command-line option â€˜[01m[K-STD=C++17[m[Kâ€™; did you mean â€˜[01m[K-std=c++17[m[Kâ€™?
gmake[2]: *** [CMakeFiles/ydlidar_node.dir/build.make:118: CMakeFiles/ydlidar_node.dir/sdk/src/impl/unix/unix_serial.cpp.o] Error 1
gmake[1]: *** [CMakeFiles/Makefile2:139: CMakeFiles/ydlidar_node.dir/all] Error 2
gmake: *** [Makefile:146: all] Error 2
