[0.469s] Invoking command in '/home/ons/ros2_ws/build/ydlidar': CMAKE_PREFIX_PATH=${CMAKE_PREFIX_PATH}:/home/ons/ros2_ws/install/test_node:/opt/ros/humble /usr/bin/cmake /home/ons/ros2_ws/src/ydlidar_ros2 -DCMAKE_CXX_FLAGS=-STD=C++17 -DCMAKE_INSTALL_PREFIX=/home/ons/ros2_ws/install/ydlidar
[0.504s] -- Found ament_cmake: 1.3.5 (/opt/ros/humble/share/ament_cmake/cmake)
[0.791s] -- Found rclcpp: 16.0.5 (/opt/ros/humble/share/rclcpp/cmake)
[0.846s] -- Found rosidl_generator_c: 3.1.5 (/opt/ros/humble/share/rosidl_generator_c/cmake)
[0.849s] -- Found rosidl_adapter: 3.1.5 (/opt/ros/humble/share/rosidl_adapter/cmake)
[0.859s] -- Found rosidl_generator_cpp: 3.1.5 (/opt/ros/humble/share/rosidl_generator_cpp/cmake)
[0.878s] -- Using all available rosidl_typesupport_c: rosidl_typesupport_fastrtps_c;rosidl_typesupport_introspection_c
[0.904s] -- Using all available rosidl_typesupport_cpp: rosidl_typesupport_fastrtps_cpp;rosidl_typesupport_introspection_cpp
[1.009s] -- Found rmw_implementation_cmake: 6.1.1 (/opt/ros/humble/share/rmw_implementation_cmake/cmake)
[1.013s] -- Found rmw_fastrtps_cpp: 6.2.3 (/opt/ros/humble/share/rmw_fastrtps_cpp/cmake)
[1.208s] -- Using RMW implementation 'rmw_fastrtps_cpp' as default
[1.480s] -- Found sensor_msgs: 4.2.3 (/opt/ros/humble/share/sensor_msgs/cmake)
[1.668s] -- Found visualization_msgs: 4.2.3 (/opt/ros/humble/share/visualization_msgs/cmake)
[1.809s] -- Found ament_lint_auto: 0.12.7 (/opt/ros/humble/share/ament_lint_auto/cmake)
[1.876s] -- Added test 'copyright' to check source files copyright and LICENSE
[1.891s] -- Added test 'cppcheck' to perform static code analysis on C / C++ code
[1.892s] -- Configured cppcheck include dirs: /home/ons/ros2_ws/src/ydlidar_ros2/src;/home/ons/ros2_ws/src/ydlidar_ros2/sdk/include;/home/ons/ros2_ws/src/ydlidar_ros2/sdk/src
[1.892s] -- Configured cppcheck exclude dirs and/or files: 
[1.907s] -- Added test 'cpplint' to check C / C++ code against the Google style
[1.908s] -- Configured cpplint exclude dirs and/or files: 
[1.910s] -- Added test 'flake8' to check Python code syntax and style conventions
[1.914s] -- Added test 'lint_cmake' to check CMake code style
[1.916s] -- Added test 'pep257' to check Python code against some of the docstring style conventions in PEP 257
[1.931s] -- Added test 'uncrustify' to check C / C++ code style
[1.931s] -- Configured uncrustify additional arguments: 
[1.933s] -- Added test 'xmllint' to check XML markup files
[1.934s] -- Configuring done
[1.949s] -- Generating done
[1.950s] -- Build files have been written to: /home/ons/ros2_ws/build/ydlidar
[1.958s] Invoked command in '/home/ons/ros2_ws/build/ydlidar' returned '0': CMAKE_PREFIX_PATH=${CMAKE_PREFIX_PATH}:/home/ons/ros2_ws/install/test_node:/opt/ros/humble /usr/bin/cmake /home/ons/ros2_ws/src/ydlidar_ros2 -DCMAKE_CXX_FLAGS=-STD=C++17 -DCMAKE_INSTALL_PREFIX=/home/ons/ros2_ws/install/ydlidar
[1.960s] Invoking command in '/home/ons/ros2_ws/build/ydlidar': CMAKE_PREFIX_PATH=${CMAKE_PREFIX_PATH}:/home/ons/ros2_ws/install/test_node:/opt/ros/humble /usr/bin/cmake --build /home/ons/ros2_ws/build/ydlidar -- -j4 -l4
[1.995s] [35m[1mConsolidate compiler generated dependencies of target ydlidar_client[0m
[1.999s] [35m[1mConsolidate compiler generated dependencies of target ydlidar_node[0m
[2.022s] [  9%] [32mBuilding CXX object CMakeFiles/ydlidar_client.dir/src/ydlidar_client.cpp.o[0m
[2.032s] [01m[Kc++:[m[K [01;31m[Kerror: [m[Kunrecognized command-line option â€˜[01m[K-STD=C++17[m[Kâ€™; did you mean â€˜[01m[K-std=c++17[m[Kâ€™?
[2.033s] gmake[2]: *** [CMakeFiles/ydlidar_client.dir/build.make:76: CMakeFiles/ydlidar_client.dir/src/ydlidar_client.cpp.o] Error 1
[2.034s] gmake[1]: *** [CMakeFiles/Makefile2:165: CMakeFiles/ydlidar_client.dir/all] Error 2
[2.034s] gmake[1]: *** Waiting for unfinished jobs....
[2.036s] [ 18%] [32mBuilding CXX object CMakeFiles/ydlidar_node.dir/sdk/src/CYdLidar.cpp.o[0m
[2.039s] [ 27%] [32mBuilding CXX object CMakeFiles/ydlidar_node.dir/src/ydlidar_node.cpp.o[0m
[2.040s] [ 36%] [32mBuilding CXX object CMakeFiles/ydlidar_node.dir/sdk/src/impl/unix/list_ports_linux.cpp.o[0m
[2.048s] [01m[Kc++:[m[K [01;31m[Kerror: [m[Kunrecognized command-line option â€˜[01m[K-STD=C++17[m[Kâ€™; did you mean â€˜[01m[K-std=c++17[m[Kâ€™?
[2.049s] [01m[Kc++:[m[K [01;31m[Kerror: [m[Kunrecognized command-line option â€˜[01m[K-STD=C++17[m[Kâ€™; did you mean â€˜[01m[K-std=c++17[m[Kâ€™?
[2.049s] gmake[2]: *** [CMakeFiles/ydlidar_node.dir/build.make:76: CMakeFiles/ydlidar_node.dir/src/ydlidar_node.cpp.o] Error 1
[2.050s] gmake[2]: *** Waiting for unfinished jobs....
[2.051s] gmake[2]: *** [CMakeFiles/ydlidar_node.dir/build.make:90: CMakeFiles/ydlidar_node.dir/sdk/src/CYdLidar.cpp.o] Error 1
[2.052s] [ 45%] [32mBuilding CXX object CMakeFiles/ydlidar_node.dir/sdk/src/impl/unix/unix_serial.cpp.o[0m
[2.054s] [01m[Kc++:[m[K [01;31m[Kerror: [m[Kunrecognized command-line option â€˜[01m[K-STD=C++17[m[Kâ€™; did you mean â€˜[01m[K-std=c++17[m[Kâ€™?
[2.055s] gmake[2]: *** [CMakeFiles/ydlidar_node.dir/build.make:104: CMakeFiles/ydlidar_node.dir/sdk/src/impl/unix/list_ports_linux.cpp.o] Error 1
[2.058s] [01m[Kc++:[m[K [01;31m[Kerror: [m[Kunrecognized command-line option â€˜[01m[K-STD=C++17[m[Kâ€™; did you mean â€˜[01m[K-std=c++17[m[Kâ€™?
[2.058s] gmake[2]: *** [CMakeFiles/ydlidar_node.dir/build.make:118: CMakeFiles/ydlidar_node.dir/sdk/src/impl/unix/unix_serial.cpp.o] Error 1
[2.059s] gmake[1]: *** [CMakeFiles/Makefile2:139: CMakeFiles/ydlidar_node.dir/all] Error 2
[2.059s] gmake: *** [Makefile:146: all] Error 2
[2.061s] Invoked command in '/home/ons/ros2_ws/build/ydlidar' returned '2': CMAKE_PREFIX_PATH=${CMAKE_PREFIX_PATH}:/home/ons/ros2_ws/install/test_node:/opt/ros/humble /usr/bin/cmake --build /home/ons/ros2_ws/build/ydlidar -- -j4 -l4
